=== SLURM 28295 | host=t2n1 | Thu Apr 23 03:35:10 PM MSK 2026 ===
Thu Apr 23 15:35:12 2026       
+-----------------------------------------------------------------------------------------+
| NVIDIA-SMI 550.163.01             Driver Version: 550.163.01     CUDA Version: 12.4     |
|-----------------------------------------+------------------------+----------------------+
| GPU  Name                 Persistence-M | Bus-Id          Disp.A | Volatile Uncorr. ECC |
| Fan  Temp   Perf          Pwr:Usage/Cap |           Memory-Usage | GPU-Util  Compute M. |
|                                         |                        |               MIG M. |
|=========================================+========================+======================|
|   0  NVIDIA A100-PCIE-40GB          Off |   00000000:01:00.0 Off |                    0 |
| N/A   21C    P0             32W /  250W |       1MiB /  40960MiB |      0%      Default |
|                                         |                        |             Disabled |
+-----------------------------------------+------------------------+----------------------+
                                                                                         
+-----------------------------------------------------------------------------------------+
| Processes:                                                                              |
|  GPU   GI   CI        PID   Type   Process name                              GPU Memory |
|        ID   ID                                                               Usage      |
|=========================================================================================|
|  No running processes found                                                             |
+-----------------------------------------------------------------------------------------+
[Orchestrator] GPU профиль: A100_40
[Orchestrator] Методы: ['qlora_tpro_it_21']
[Orchestrator] force=False, уже готово: —

############################################################
# qlora_tpro_it_21  (run_key=qlora_t_pro_it_2_1)
############################################################
[Данные] Найден чекпоинт этапа 3: data_after_stage3.csv (2335 записей)
[Данные] Тестовая выборка: data_test.csv (341 записей)
[Данные] Найден чекпоинт этапа 0: train_after_eda.csv (1409 записей)
trainable params: 134,402,048 || all params: 32,117,532,672 || trainable%: 0.4185
{'loss': '74.43', 'grad_norm': '930', 'learning_rate': '1.698e-05', 'epoch': '0.06849'}
{'loss': '56.91', 'grad_norm': '481', 'learning_rate': '3.585e-05', 'epoch': '0.137'}
{'loss': '42.79', 'grad_norm': '498.1', 'learning_rate': '5.472e-05', 'epoch': '0.2055'}
{'loss': '34.07', 'grad_norm': '439.8', 'learning_rate': '7.358e-05', 'epoch': '0.274'}
{'loss': '30.92', 'grad_norm': '333.7', 'learning_rate': '9.245e-05', 'epoch': '0.3425'}
{'loss': '29.43', 'grad_norm': '274.7', 'learning_rate': '9.999e-05', 'epoch': '0.411'}
{'loss': '29.17', 'grad_norm': '343.8', 'learning_rate': '9.991e-05', 'epoch': '0.4795'}
{'loss': '27.48', 'grad_norm': '291.5', 'learning_rate': '9.975e-05', 'epoch': '0.5479'}
{'loss': '26.27', 'grad_norm': '275.1', 'learning_rate': '9.953e-05', 'epoch': '0.6164'}
{'loss': '24.23', 'grad_norm': '225.4', 'learning_rate': '9.923e-05', 'epoch': '0.6849'}
{'loss': '24.81', 'grad_norm': '268.7', 'learning_rate': '9.886e-05', 'epoch': '0.7534'}
{'loss': '23.64', 'grad_norm': '199.7', 'learning_rate': '9.842e-05', 'epoch': '0.8219'}
{'loss': '21.99', 'grad_norm': '185.9', 'learning_rate': '9.791e-05', 'epoch': '0.8904'}
{'loss': '20.31', 'grad_norm': '188.5', 'learning_rate': '9.733e-05', 'epoch': '0.9589'}
{'eval_loss': '2.72', 'eval_balanced_accuracy': '0.1708', 'eval_macro_f1': '0.1407', 'eval_runtime': '138.7', 'eval_samples_per_second': '2.459', 'eval_steps_per_second': '0.62', 'epoch': '1'}
{'loss': '19.23', 'grad_norm': '161.2', 'learning_rate': '9.668e-05', 'epoch': '1.027'}
{'loss': '16.5', 'grad_norm': '181.5', 'learning_rate': '9.596e-05', 'epoch': '1.096'}
{'loss': '14.11', 'grad_norm': '151.7', 'learning_rate': '9.518e-05', 'epoch': '1.164'}
{'loss': '11.73', 'grad_norm': '233.2', 'learning_rate': '9.433e-05', 'epoch': '1.233'}
{'loss': '12.49', 'grad_norm': '219.8', 'learning_rate': '9.341e-05', 'epoch': '1.301'}
{'loss': '11.44', 'grad_norm': '174.8', 'learning_rate': '9.243e-05', 'epoch': '1.37'}
{'loss': '10.56', 'grad_norm': '197.4', 'learning_rate': '9.139e-05', 'epoch': '1.438'}
{'loss': '8.02', 'grad_norm': '268.4', 'learning_rate': '9.029e-05', 'epoch': '1.507'}
{'loss': '13.1', 'grad_norm': '220.4', 'learning_rate': '8.913e-05', 'epoch': '1.575'}
{'loss': '8.678', 'grad_norm': '159.2', 'learning_rate': '8.792e-05', 'epoch': '1.644'}
{'loss': '9.49', 'grad_norm': '166.8', 'learning_rate': '8.665e-05', 'epoch': '1.712'}
{'loss': '6.889', 'grad_norm': '92.1', 'learning_rate': '8.532e-05', 'epoch': '1.781'}
{'loss': '8.823', 'grad_norm': '112.3', 'learning_rate': '8.395e-05', 'epoch': '1.849'}
{'loss': '7.671', 'grad_norm': '156.6', 'learning_rate': '8.252e-05', 'epoch': '1.918'}
{'loss': '7.622', 'grad_norm': '143.9', 'learning_rate': '8.105e-05', 'epoch': '1.986'}
{'eval_loss': '1.593', 'eval_balanced_accuracy': '0.4015', 'eval_macro_f1': '0.4053', 'eval_runtime': '138.8', 'eval_samples_per_second': '2.458', 'eval_steps_per_second': '0.62', 'epoch': '2'}
{'loss': '2.474', 'grad_norm': '35.56', 'learning_rate': '7.953e-05', 'epoch': '2.055'}
{'loss': '2.313', 'grad_norm': '11.42', 'learning_rate': '7.797e-05', 'epoch': '2.123'}
{'loss': '2.412', 'grad_norm': '52.62', 'learning_rate': '7.636e-05', 'epoch': '2.192'}
{'loss': '2.714', 'grad_norm': '186.2', 'learning_rate': '7.472e-05', 'epoch': '2.26'}
{'loss': '2.829', 'grad_norm': '30.74', 'learning_rate': '7.305e-05', 'epoch': '2.329'}
{'loss': '2.836', 'grad_norm': '94.96', 'learning_rate': '7.134e-05', 'epoch': '2.397'}
{'loss': '3.912', 'grad_norm': '147.9', 'learning_rate': '6.96e-05', 'epoch': '2.466'}
{'loss': '1.413', 'grad_norm': '164.1', 'learning_rate': '6.783e-05', 'epoch': '2.534'}
{'loss': '3.04', 'grad_norm': '91.59', 'learning_rate': '6.603e-05', 'epoch': '2.603'}
{'loss': '2.843', 'grad_norm': '62.08', 'learning_rate': '6.421e-05', 'epoch': '2.671'}
{'loss': '1.774', 'grad_norm': '179.6', 'learning_rate': '6.237e-05', 'epoch': '2.74'}
{'loss': '2.271', 'grad_norm': '6.88', 'learning_rate': '6.051e-05', 'epoch': '2.808'}
{'loss': '1.442', 'grad_norm': '26.48', 'learning_rate': '5.864e-05', 'epoch': '2.877'}
{'loss': '1.356', 'grad_norm': '145.7', 'learning_rate': '5.675e-05', 'epoch': '2.945'}
{'eval_loss': '2.263', 'eval_balanced_accuracy': '0.3854', 'eval_macro_f1': '0.3641', 'eval_runtime': '138.7', 'eval_samples_per_second': '2.458', 'eval_steps_per_second': '0.62', 'epoch': '3'}
{'loss': '2.078', 'grad_norm': '158.3', 'learning_rate': '5.486e-05', 'epoch': '3.014'}
{'loss': '0.8007', 'grad_norm': '120.5', 'learning_rate': '5.296e-05', 'epoch': '3.082'}
{'loss': '0.5275', 'grad_norm': '1.927', 'learning_rate': '5.105e-05', 'epoch': '3.151'}
{'loss': '0.6612', 'grad_norm': '0.6304', 'learning_rate': '4.914e-05', 'epoch': '3.219'}
{'loss': '0.1282', 'grad_norm': '47.26', 'learning_rate': '4.723e-05', 'epoch': '3.288'}
{'loss': '0.1882', 'grad_norm': '29.85', 'learning_rate': '4.533e-05', 'epoch': '3.356'}
{'loss': '0.1309', 'grad_norm': '139.9', 'learning_rate': '4.343e-05', 'epoch': '3.425'}
{'loss': '0.4932', 'grad_norm': '122.2', 'learning_rate': '4.155e-05', 'epoch': '3.493'}
{'loss': '0.09724', 'grad_norm': '5.085', 'learning_rate': '3.967e-05', 'epoch': '3.562'}
{'loss': '0.0569', 'grad_norm': '27.71', 'learning_rate': '3.781e-05', 'epoch': '3.63'}
{'loss': '0.6548', 'grad_norm': '0.4258', 'learning_rate': '3.597e-05', 'epoch': '3.699'}
{'loss': '0.3978', 'grad_norm': '1.061', 'learning_rate': '3.415e-05', 'epoch': '3.767'}
{'loss': '0.2251', 'grad_norm': '10.72', 'learning_rate': '3.235e-05', 'epoch': '3.836'}
{'loss': '1.087', 'grad_norm': '3.579', 'learning_rate': '3.058e-05', 'epoch': '3.904'}
{'loss': '0.8096', 'grad_norm': '143', 'learning_rate': '2.884e-05', 'epoch': '3.973'}
{'eval_loss': '2.635', 'eval_balanced_accuracy': '0.4334', 'eval_macro_f1': '0.4283', 'eval_runtime': '138.8', 'eval_samples_per_second': '2.457', 'eval_steps_per_second': '0.62', 'epoch': '4'}
{'loss': '0.3728', 'grad_norm': '0.155', 'learning_rate': '2.712e-05', 'epoch': '4.041'}
{'loss': '0.006674', 'grad_norm': '0.3382', 'learning_rate': '2.544e-05', 'epoch': '4.11'}
{'loss': '0.003933', 'grad_norm': '0.8126', 'learning_rate': '2.38e-05', 'epoch': '4.178'}
{'loss': '1.071', 'grad_norm': '0.11', 'learning_rate': '2.219e-05', 'epoch': '4.247'}
{'loss': '0.06416', 'grad_norm': '111.4', 'learning_rate': '2.063e-05', 'epoch': '4.315'}
{'loss': '0.4385', 'grad_norm': '0.5252', 'learning_rate': '1.91e-05', 'epoch': '4.384'}
{'loss': '0.05855', 'grad_norm': '17.19', 'learning_rate': '1.763e-05', 'epoch': '4.452'}
{'loss': '0.001208', 'grad_norm': '0.01571', 'learning_rate': '1.62e-05', 'epoch': '4.521'}
{'loss': '0.0186', 'grad_norm': '0.07376', 'learning_rate': '1.481e-05', 'epoch': '4.589'}
{'loss': '0.01403', 'grad_norm': '1.188', 'learning_rate': '1.348e-05', 'epoch': '4.658'}
{'loss': '0.002282', 'grad_norm': '1.606', 'learning_rate': '1.221e-05', 'epoch': '4.726'}
{'loss': '0.001079', 'grad_norm': '0.6659', 'learning_rate': '1.099e-05', 'epoch': '4.795'}
{'loss': '0.000533', 'grad_norm': '0.06823', 'learning_rate': '9.82e-06', 'epoch': '4.863'}
{'loss': '0.002254', 'grad_norm': '0.08717', 'learning_rate': '8.714e-06', 'epoch': '4.932'}
{'loss': '0.125', 'grad_norm': '0.0891', 'learning_rate': '7.667e-06', 'epoch': '5'}
{'eval_loss': '2.56', 'eval_balanced_accuracy': '0.4342', 'eval_macro_f1': '0.403', 'eval_runtime': '138.8', 'eval_samples_per_second': '2.457', 'eval_steps_per_second': '0.62', 'epoch': '5'}
{'loss': '0.0002335', 'grad_norm': '0.05768', 'learning_rate': '6.683e-06', 'epoch': '5.068'}
{'loss': '0.0002004', 'grad_norm': '0.03008', 'learning_rate': '5.761e-06', 'epoch': '5.137'}
{'loss': '7.538e-05', 'grad_norm': '0.01967', 'learning_rate': '4.904e-06', 'epoch': '5.205'}
{'loss': '0.0004433', 'grad_norm': '0.01307', 'learning_rate': '4.113e-06', 'epoch': '5.274'}
{'loss': '0.1244', 'grad_norm': '0.06212', 'learning_rate': '3.389e-06', 'epoch': '5.342'}
{'loss': '0.1376', 'grad_norm': '0.06457', 'learning_rate': '2.732e-06', 'epoch': '5.411'}
{'loss': '7.87e-05', 'grad_norm': '0.007226', 'learning_rate': '2.144e-06', 'epoch': '5.479'}
{'loss': '0.001277', 'grad_norm': '0.006246', 'learning_rate': '1.626e-06', 'epoch': '5.548'}
{'loss': '0.0002273', 'grad_norm': '0.008967', 'learning_rate': '1.179e-06', 'epoch': '5.616'}
{'loss': '0.001099', 'grad_norm': '0.04001', 'learning_rate': '8.025e-07', 'epoch': '5.685'}
{'loss': '0.001267', 'grad_norm': '0.01712', 'learning_rate': '4.979e-07', 'epoch': '5.753'}
{'loss': '0.002914', 'grad_norm': '0.01898', 'learning_rate': '2.653e-07', 'epoch': '5.822'}
{'loss': '0.0001666', 'grad_norm': '0.01307', 'learning_rate': '1.052e-07', 'epoch': '5.89'}
{'loss': '0.0005861', 'grad_norm': '0.08148', 'learning_rate': '1.785e-08', 'epoch': '5.959'}
{'eval_loss': '2.563', 'eval_balanced_accuracy': '0.4369', 'eval_macro_f1': '0.4053', 'eval_runtime': '138.8', 'eval_samples_per_second': '2.457', 'eval_steps_per_second': '0.62', 'epoch': '6'}
{'train_runtime': '1.665e+04', 'train_samples_per_second': '0.842', 'train_steps_per_second': '0.053', 'train_loss': '7.731', 'epoch': '6'}
[Данные] Тестовая выборка: data_test.csv (341 записей)
============================================================
FINETUNE EVAL: qlora_t_pro_it_2_1
============================================================
  Balanced Accuracy: 0.4334
  Macro F1:          0.4195
  F1 Group A:        0.6383
  F1 Group B:        0.4736
  F1 Group C:        0.3750

                                                                              precision    recall  f1-score   support

                                                       Блок бизнес-директора       0.33      1.00      0.50         1
                                                      Блок деректора по газу       0.67      0.29      0.40        14
                                          Блок директора по газовым проектам       1.00      0.33      0.50         6
                                                 Блок директора по мощностям       0.64      0.90      0.75        48
                                                 Блок директора по персоналу       1.00      0.33      0.50         3
                                                  Блок директора по портфелю       0.12      0.25      0.17         4
                                            Блок директора по проектированию       0.71      0.62      0.67         8
                                             Блок директора по строительству       0.55      0.50      0.52        32
                     Блок заместителя генерального директора по безопасности       0.63      0.71      0.67        24
                         Блок заместителя генерального директора по закупкам       0.50      0.31      0.38        13
                           Блок заместителя генерального директора по защите       0.40      0.40      0.40         5
                        Блок заместителя генерального директора по имуществу       1.00      0.33      0.50         3
         Блок заместителя генерального директора по организационным вопросам       1.00      0.91      0.95        11
                    Блок заместителя генерального директора по строительству       0.00      0.00      0.00         1
Блок исполнительного директора по реализации проекта "Большое месторождение"       0.00      0.00      0.00         1
                                                Блок операционного директора       0.00      0.00      0.00         6
                                                 Блок технического директора       0.56      0.69      0.62        49
                                                  Блок финансового директора       0.67      1.00      0.80         4
                                                        Генеральный директор       0.62      0.50      0.56        20
                                                       Имущественные вопросы       0.50      1.00      0.67         1
                                 Подразделение по информационным технологиям       0.00      0.00      0.00         1
                                                          Проект "Восточный"       0.33      0.33      0.33         3
                                                   Проект "Нефтяные краюшки"       0.58      0.47      0.52        15
                                                        Проект "Новая нефть"       0.50      0.29      0.36         7
                      Проект "Обустройство площадных объектов НГКМ Поменбше"       0.00      0.00      0.00         1
                                                   Проект "Северная деревня"       0.67      0.57      0.62         7
                             Проект "Трубопроводный транспорт Главного НГКМ"       0.00      0.00      0.00         4
                                                              Проект "Южный"       0.00      0.00      0.00         2
                     Проект «Обустройство Интересного лицензионного участка»       1.00      1.00      1.00         1
                               Проект «Обустройство объектов Новейшей нейти»       0.00      0.00      0.00         1
                                  Проект «Обустройство объектов Новой нефти»       0.00      0.00      0.00         3
                           Проект «Трубопроводный транспорт Ещё одного НГКМ»       1.00      1.00      1.00         1
                                                      Проект сервиса скважин       0.57      0.44      0.50         9
                                         Управление землеустроительных работ       0.29      0.50      0.36         4
                                                     Управление коммуникаций       0.00      0.00      0.00         1
                                             Управление по проектным работам       0.81      0.93      0.86        27

                                                                    accuracy                           0.60       341
                                                                   macro avg       0.46      0.43      0.42       341
                                                                weighted avg       0.59      0.60      0.58       341

[Orchestrator] Обновлено: results/all_methods_comparison.csv

============================================================
ИТОГО
============================================================
           run_key method               model  balanced_accuracy  macro_f1  f1_group_A  f1_group_B  f1_group_C  trainable_params  train_time_sec           timestamp
qlora_t_pro_it_2_1  qlora t-tech/T-pro-it-2.1           0.433418   0.41952    0.638257    0.473564       0.375         134402048    16648.540525 2026-04-23T20:33:30

           run_key method               model  balanced_accuracy  macro_f1  f1_group_A  f1_group_B  f1_group_C  trainable_params  train_time_sec           timestamp
qlora_t_pro_it_2_1  qlora t-tech/T-pro-it-2.1           0.433418   0.41952    0.638257    0.473564       0.375         134402048    16648.540525 2026-04-23T20:33:30
