=== SLURM 28305 | host=t2n1 | Thu Apr 23 11:09:47 PM MSK 2026 ===
Thu Apr 23 23:09:47 2026       
+-----------------------------------------------------------------------------------------+
| NVIDIA-SMI 550.163.01             Driver Version: 550.163.01     CUDA Version: 12.4     |
|-----------------------------------------+------------------------+----------------------+
| GPU  Name                 Persistence-M | Bus-Id          Disp.A | Volatile Uncorr. ECC |
| Fan  Temp   Perf          Pwr:Usage/Cap |           Memory-Usage | GPU-Util  Compute M. |
|                                         |                        |               MIG M. |
|=========================================+========================+======================|
|   0  NVIDIA A100-PCIE-40GB          Off |   00000000:C1:00.0 Off |                    0 |
| N/A   22C    P0             33W /  250W |       1MiB /  40960MiB |      0%      Default |
|                                         |                        |             Disabled |
+-----------------------------------------+------------------------+----------------------+
                                                                                         
+-----------------------------------------------------------------------------------------+
| Processes:                                                                              |
|  GPU   GI   CI        PID   Type   Process name                              GPU Memory |
|        ID   ID                                                               Usage      |
|=========================================================================================|
|  No running processes found                                                             |
+-----------------------------------------------------------------------------------------+
[Orchestrator] GPU профиль: A100_40
[Orchestrator] Методы: ['lora_vikhr_nemo_12b']
[Orchestrator] force=False, уже готово: —

############################################################
# lora_vikhr_nemo_12b  (run_key=lora_vikhr_nemo_12b_instruct_r_21_09_24)
############################################################
[Данные] Найден чекпоинт этапа 3: data_after_stage3.csv (2335 записей)
[Данные] Тестовая выборка: data_test.csv (341 записей)
[Данные] Найден чекпоинт этапа 0: train_after_eda.csv (1409 записей)
trainable params: 57,200,640 || all params: 11,634,088,960 || trainable%: 0.4917
{'loss': '145.8', 'grad_norm': '1698', 'learning_rate': '5e-05', 'epoch': '0.06849'}
{'loss': '89.1', 'grad_norm': '1351', 'learning_rate': '0.0001', 'epoch': '0.137'}
{'loss': '59.46', 'grad_norm': '1072', 'learning_rate': '9.991e-05', 'epoch': '0.2055'}
{'loss': '50.82', 'grad_norm': '1599', 'learning_rate': '9.966e-05', 'epoch': '0.274'}
{'loss': '42.61', 'grad_norm': '1246', 'learning_rate': '9.926e-05', 'epoch': '0.3425'}
{'loss': '36.21', 'grad_norm': '1474', 'learning_rate': '9.871e-05', 'epoch': '0.411'}
{'loss': '40.61', 'grad_norm': '1759', 'learning_rate': '9.801e-05', 'epoch': '0.4795'}
{'loss': '35.5', 'grad_norm': '1511', 'learning_rate': '9.716e-05', 'epoch': '0.5479'}
{'loss': '31.04', 'grad_norm': '1361', 'learning_rate': '9.617e-05', 'epoch': '0.6164'}
{'loss': '26.3', 'grad_norm': '1119', 'learning_rate': '9.503e-05', 'epoch': '0.6849'}
{'loss': '30.03', 'grad_norm': '1399', 'learning_rate': '9.376e-05', 'epoch': '0.7534'}
{'loss': '27.41', 'grad_norm': '1835', 'learning_rate': '9.235e-05', 'epoch': '0.8219'}
{'loss': '27.3', 'grad_norm': '1197', 'learning_rate': '9.081e-05', 'epoch': '0.8904'}
{'loss': '22.14', 'grad_norm': '1155', 'learning_rate': '8.914e-05', 'epoch': '0.9589'}
{'eval_loss': '3.032', 'eval_balanced_accuracy': '0.1658', 'eval_macro_f1': '0.1267', 'eval_runtime': '53.02', 'eval_samples_per_second': '6.432', 'eval_steps_per_second': '1.622', 'epoch': '1'}
{'loss': '21.14', 'grad_norm': '1017', 'learning_rate': '8.735e-05', 'epoch': '1.027'}
{'loss': '16.85', 'grad_norm': '1005', 'learning_rate': '8.545e-05', 'epoch': '1.096'}
{'loss': '15.29', 'grad_norm': '925.4', 'learning_rate': '8.344e-05', 'epoch': '1.164'}
{'loss': '14.87', 'grad_norm': '1450', 'learning_rate': '8.133e-05', 'epoch': '1.233'}
{'loss': '13.13', 'grad_norm': '857.7', 'learning_rate': '7.912e-05', 'epoch': '1.301'}
{'loss': '12.57', 'grad_norm': '1025', 'learning_rate': '7.682e-05', 'epoch': '1.37'}
{'loss': '13.07', 'grad_norm': '920.8', 'learning_rate': '7.444e-05', 'epoch': '1.438'}
{'loss': '9.273', 'grad_norm': '997', 'learning_rate': '7.198e-05', 'epoch': '1.507'}
{'loss': '16.56', 'grad_norm': '1396', 'learning_rate': '6.945e-05', 'epoch': '1.575'}
{'loss': '11.19', 'grad_norm': '1166', 'learning_rate': '6.687e-05', 'epoch': '1.644'}
{'loss': '14.13', 'grad_norm': '988', 'learning_rate': '6.423e-05', 'epoch': '1.712'}
{'loss': '8.87', 'grad_norm': '589.9', 'learning_rate': '6.155e-05', 'epoch': '1.781'}
{'loss': '11.19', 'grad_norm': '2094', 'learning_rate': '5.883e-05', 'epoch': '1.849'}
{'loss': '9.32', 'grad_norm': '1161', 'learning_rate': '5.609e-05', 'epoch': '1.918'}
{'loss': '8.888', 'grad_norm': '798', 'learning_rate': '5.333e-05', 'epoch': '1.986'}
{'eval_loss': '1.767', 'eval_balanced_accuracy': '0.3671', 'eval_macro_f1': '0.3598', 'eval_runtime': '52.99', 'eval_samples_per_second': '6.435', 'eval_steps_per_second': '1.623', 'epoch': '2'}
{'loss': '3.444', 'grad_norm': '334.1', 'learning_rate': '5.056e-05', 'epoch': '2.055'}
{'loss': '3.685', 'grad_norm': '64.08', 'learning_rate': '4.778e-05', 'epoch': '2.123'}
{'loss': '2.39', 'grad_norm': '211', 'learning_rate': '4.501e-05', 'epoch': '2.192'}
{'loss': '2.505', 'grad_norm': '460.2', 'learning_rate': '4.226e-05', 'epoch': '2.26'}
{'loss': '3.236', 'grad_norm': '385', 'learning_rate': '3.953e-05', 'epoch': '2.329'}
{'loss': '3.544', 'grad_norm': '601.5', 'learning_rate': '3.684e-05', 'epoch': '2.397'}
{'loss': '3.862', 'grad_norm': '313', 'learning_rate': '3.418e-05', 'epoch': '2.466'}
{'loss': '2.602', 'grad_norm': '686.7', 'learning_rate': '3.157e-05', 'epoch': '2.534'}
{'loss': '3.196', 'grad_norm': '280.2', 'learning_rate': '2.902e-05', 'epoch': '2.603'}
{'loss': '3.049', 'grad_norm': '437.1', 'learning_rate': '2.654e-05', 'epoch': '2.671'}
{'loss': '2.16', 'grad_norm': '811.9', 'learning_rate': '2.412e-05', 'epoch': '2.74'}
{'loss': '2.472', 'grad_norm': '74.08', 'learning_rate': '2.179e-05', 'epoch': '2.808'}
{'loss': '2.523', 'grad_norm': '326', 'learning_rate': '1.954e-05', 'epoch': '2.877'}
{'loss': '2.144', 'grad_norm': '612.5', 'learning_rate': '1.739e-05', 'epoch': '2.945'}
{'eval_loss': '1.865', 'eval_balanced_accuracy': '0.4529', 'eval_macro_f1': '0.4258', 'eval_runtime': '52.97', 'eval_samples_per_second': '6.438', 'eval_steps_per_second': '1.624', 'epoch': '3'}
{'loss': '1.436', 'grad_norm': '118.5', 'learning_rate': '1.534e-05', 'epoch': '3.014'}
{'loss': '0.452', 'grad_norm': '31.69', 'learning_rate': '1.339e-05', 'epoch': '3.082'}
{'loss': '0.3164', 'grad_norm': '8.42', 'learning_rate': '1.156e-05', 'epoch': '3.151'}
{'loss': '0.2046', 'grad_norm': '194', 'learning_rate': '9.845e-06', 'epoch': '3.219'}
{'loss': '0.3795', 'grad_norm': '73.85', 'learning_rate': '8.254e-06', 'epoch': '3.288'}
{'loss': '0.1492', 'grad_norm': '10.17', 'learning_rate': '6.792e-06', 'epoch': '3.356'}
{'loss': '0.2509', 'grad_norm': '11.41', 'learning_rate': '5.462e-06', 'epoch': '3.425'}
{'loss': '0.3487', 'grad_norm': '3.168', 'learning_rate': '4.27e-06', 'epoch': '3.493'}
{'loss': '0.2164', 'grad_norm': '0.8899', 'learning_rate': '3.219e-06', 'epoch': '3.562'}
{'loss': '0.07556', 'grad_norm': '10.29', 'learning_rate': '2.312e-06', 'epoch': '3.63'}
{'loss': '0.3447', 'grad_norm': '2.912', 'learning_rate': '1.552e-06', 'epoch': '3.699'}
{'loss': '0.3906', 'grad_norm': '3.776', 'learning_rate': '9.405e-07', 'epoch': '3.767'}
{'loss': '0.2951', 'grad_norm': '19.76', 'learning_rate': '4.806e-07', 'epoch': '3.836'}
{'loss': '0.6938', 'grad_norm': '51.91', 'learning_rate': '1.732e-07', 'epoch': '3.904'}
{'loss': '0.2311', 'grad_norm': '76.95', 'learning_rate': '1.925e-08', 'epoch': '3.973'}
{'eval_loss': '2.068', 'eval_balanced_accuracy': '0.5078', 'eval_macro_f1': '0.4733', 'eval_runtime': '53', 'eval_samples_per_second': '6.435', 'eval_steps_per_second': '1.623', 'epoch': '4'}
{'train_runtime': '3991', 'train_samples_per_second': '2.34', 'train_steps_per_second': '0.146', 'train_loss': '15.54', 'epoch': '4'}
[Данные] Тестовая выборка: data_test.csv (341 записей)
============================================================
FINETUNE EVAL: lora_vikhr_nemo_12b_instruct_r_21_09_24
============================================================
  Balanced Accuracy: 0.5078
  Macro F1:          0.4733
  F1 Group A:        0.7253
  F1 Group B:        0.4959
  F1 Group C:        0.4583

                                                                              precision    recall  f1-score   support

                                                       Блок бизнес-директора       0.50      1.00      0.67         1
                                                      Блок деректора по газу       0.47      0.50      0.48        14
                                          Блок директора по газовым проектам       1.00      0.17      0.29         6
                                                 Блок директора по мощностям       0.84      0.85      0.85        48
                                                 Блок директора по персоналу       0.75      1.00      0.86         3
                                                  Блок директора по портфелю       0.00      0.00      0.00         4
                                            Блок директора по проектированию       1.00      0.50      0.67         8
                                             Блок директора по строительству       0.64      0.66      0.65        32
                     Блок заместителя генерального директора по безопасности       0.70      0.88      0.78        24
                         Блок заместителя генерального директора по закупкам       0.70      0.54      0.61        13
                           Блок заместителя генерального директора по защите       0.50      0.40      0.44         5
                        Блок заместителя генерального директора по имуществу       1.00      0.33      0.50         3
         Блок заместителя генерального директора по организационным вопросам       0.83      0.91      0.87        11
                    Блок заместителя генерального директора по строительству       0.00      0.00      0.00         1
Блок исполнительного директора по реализации проекта "Большое месторождение"       0.00      0.00      0.00         1
                                                Блок операционного директора       0.40      0.33      0.36         6
                                                 Блок технического директора       0.75      0.73      0.74        49
                                                  Блок финансового директора       0.67      1.00      0.80         4
                                                        Генеральный директор       0.48      0.75      0.59        20
                                                       Имущественные вопросы       1.00      1.00      1.00         1
                                 Подразделение по информационным технологиям       0.00      0.00      0.00         1
                                                          Проект "Восточный"       0.40      0.67      0.50         3
                                                   Проект "Нефтяные краюшки"       0.43      0.40      0.41        15
                                                        Проект "Новая нефть"       0.17      0.14      0.15         7
                      Проект "Обустройство площадных объектов НГКМ Поменбше"       0.00      0.00      0.00         1
                                                   Проект "Северная деревня"       0.60      0.43      0.50         7
                             Проект "Трубопроводный транспорт Главного НГКМ"       0.00      0.00      0.00         4
                                                              Проект "Южный"       0.00      0.00      0.00         2
                     Проект «Обустройство Интересного лицензионного участка»       0.50      1.00      0.67         1
                               Проект «Обустройство объектов Новейшей нейти»       0.00      0.00      0.00         1
                                  Проект «Обустройство объектов Новой нефти»       0.00      0.00      0.00         3
                           Проект «Трубопроводный транспорт Ещё одного НГКМ»       1.00      1.00      1.00         1
                                                      Проект сервиса скважин       0.60      0.67      0.63         9
                                         Управление землеустроительных работ       0.50      0.50      0.50         4
                                                     Управление коммуникаций       0.50      1.00      0.67         1
                                             Управление по проектным работам       0.81      0.93      0.86        27

                                                                    accuracy                           0.66       341
                                                                   macro avg       0.49      0.51      0.47       341
                                                                weighted avg       0.65      0.66      0.64       341

[Orchestrator] Обновлено: results/all_methods_comparison.csv

============================================================
ИТОГО
============================================================
                                run_key method                                          model  balanced_accuracy  macro_f1  f1_group_A  f1_group_B  f1_group_C  trainable_params  train_time_sec           timestamp
lora_vikhr_nemo_12b_instruct_r_21_09_24   lora Vikhrmodels/Vikhr-Nemo-12B-Instruct-R-21-09-24           0.507825  0.473325    0.725276    0.495926    0.458333          57200640     3991.039614 2026-04-24T00:21:29

                                run_key method                                          model  balanced_accuracy  macro_f1  f1_group_A  f1_group_B  f1_group_C  trainable_params  train_time_sec           timestamp
lora_vikhr_nemo_12b_instruct_r_21_09_24   lora Vikhrmodels/Vikhr-Nemo-12B-Instruct-R-21-09-24           0.507825  0.473325    0.725276    0.495926    0.458333          57200640     3991.039614 2026-04-24T00:21:29
